2018-11-27 09:54:07 -Starting BootdoApplication on DESKTOP-8PLG398 with PID 18912 (D:\dianziyan\meiguo-portal\target\classes started by EDZ in D:\dianziyan\meiguo-portal)
2018-11-27 09:54:07 -Running with Spring Boot v1.5.9.RELEASE, Spring v4.3.13.RELEASE
2018-11-27 09:54:07 -The following profiles are active: dev
2018-11-27 09:54:08 -HV000001: Hibernate Validator 5.3.6.Final
2018-11-27 09:54:08 -Refreshing org.springframework.boot.context.embedded.AnnotationConfigEmbeddedWebApplicationContext@72035809: startup date [Tue Nov 27 09:54:08 CST 2018]; root of context hierarchy
2018-11-27 09:54:10 -Multiple Spring Data modules found, entering strict repository configuration mode!
2018-11-27 09:54:11 -Multiple Spring Data modules found, entering strict repository configuration mode!
2018-11-27 09:54:11 -Multiple Spring Data modules found, entering strict repository configuration mode!
2018-11-27 09:54:12 -JSR-330 'javax.inject.Inject' annotation found and supported for autowiring
2018-11-27 09:54:12 -Bean 'org.springframework.transaction.annotation.ProxyTransactionManagementConfiguration' of type [org.springframework.transaction.annotation.ProxyTransactionManagementConfiguration$$EnhancerBySpringCGLIB$$19928508] is not eligible for getting processed by all BeanPostProcessors (for example: not eligible for auto-proxying)
2018-11-27 09:54:14 -Bean 'shiroConfig' of type [com.meiguo.system.config.ShiroConfig$$EnhancerBySpringCGLIB$$b233b822] is not eligible for getting processed by all BeanPostProcessors (for example: not eligible for auto-proxying)
2018-11-27 09:54:14 -Bean 'userRealm' of type [com.meiguo.system.shiro.UserRealm] is not eligible for getting processed by all BeanPostProcessors (for example: not eligible for auto-proxying)
2018-11-27 09:54:14 -Bean 'ehCacheManager' of type [org.apache.shiro.cache.ehcache.EhCacheManager] is not eligible for getting processed by all BeanPostProcessors (for example: not eligible for auto-proxying)
2018-11-27 09:54:14 -Cache with name 'com.meiguo.system.shiro.UserRealm.authorizationCache' does not yet exist.  Creating now.
2018-11-27 09:54:14 -Added EhCache named [com.meiguo.system.shiro.UserRealm.authorizationCache]
2018-11-27 09:54:14 -Bean 'sessionDAO' of type [org.apache.shiro.session.mgt.eis.MemorySessionDAO] is not eligible for getting processed by all BeanPostProcessors (for example: not eligible for auto-proxying)
2018-11-27 09:54:15 -Bean 'sessionManager' of type [org.apache.shiro.web.session.mgt.DefaultWebSessionManager] is not eligible for getting processed by all BeanPostProcessors (for example: not eligible for auto-proxying)
2018-11-27 09:54:15 -Bean 'securityManager' of type [org.apache.shiro.web.mgt.DefaultWebSecurityManager] is not eligible for getting processed by all BeanPostProcessors (for example: not eligible for auto-proxying)
2018-11-27 09:54:15 -Bean 'authorizationAttributeSourceAdvisor' of type [org.apache.shiro.spring.security.interceptor.AuthorizationAttributeSourceAdvisor] is not eligible for getting processed by all BeanPostProcessors (for example: not eligible for auto-proxying)
2018-11-27 09:54:15 -Tomcat initialized with port(s): 8087 (http)
2018-11-27 09:54:15 -Starting service [Tomcat]
2018-11-27 09:54:15 -Starting Servlet Engine: Apache Tomcat/8.5.23
2018-11-27 09:54:16 -Initializing Spring embedded WebApplicationContext
2018-11-27 09:54:16 -Root WebApplicationContext: initialization completed in 7908 ms
2018-11-27 09:54:17 -Mapping filter: 'metricsFilter' to: [/*]
2018-11-27 09:54:17 -Mapping filter: 'characterEncodingFilter' to: [/*]
2018-11-27 09:54:17 -Mapping filter: 'hiddenHttpMethodFilter' to: [/*]
2018-11-27 09:54:17 -Mapping filter: 'httpPutFormContentFilter' to: [/*]
2018-11-27 09:54:17 -Mapping filter: 'requestContextFilter' to: [/*]
2018-11-27 09:54:17 -Mapping filter: 'springSecurityFilterChain' to: [/*]
2018-11-27 09:54:17 -Filter xssFilter was not registered (disabled)
2018-11-27 09:54:17 -Mapping filter: 'webRequestLoggingFilter' to: [/*]
2018-11-27 09:54:17 -Mapping filter: 'webStatFilter' to urls: [/*]
2018-11-27 09:54:17 -Mapping filter: 'shiroFilterFactoryBean' to: [/*]
2018-11-27 09:54:17 -Mapping filter: 'applicationContextIdFilter' to: [/*]
2018-11-27 09:54:17 -Mapping servlet: 'statViewServlet' to [/druid/*]
2018-11-27 09:54:17 -Mapping servlet: 'dispatcherServlet' to [/]
2018-11-27 09:54:18 -{dataSource-1} inited
2018-11-27 09:54:19 -ARJUNA048002: Could not find configuration file, URL was: null
2018-11-27 09:54:19 -Using JTA UserTransaction: Transaction: unknown
2018-11-27 09:54:19 -Using JTA TransactionManager: Transaction: unknown
2018-11-27 09:54:19 -Building JPA container EntityManagerFactory for persistence unit 'default'
2018-11-27 09:54:19 -HHH000204: Processing PersistenceUnitInfo [
	name: default
	...]
2018-11-27 09:54:19 -HHH000412: Hibernate Core {5.0.12.Final}
2018-11-27 09:54:19 -HHH000206: hibernate.properties not found
2018-11-27 09:54:19 -HHH000021: Bytecode provider name : javassist
2018-11-27 09:54:19 -HCANN000001: Hibernate Commons Annotations {5.0.1.Final}
2018-11-27 09:54:20 -HHH000400: Using dialect: org.hibernate.dialect.MySQL5Dialect
2018-11-27 09:54:21 -Initialized JPA EntityManagerFactory for persistence unit 'default'
2018-11-27 09:54:22 -ApplicationContext registed-->org.springframework.boot.context.embedded.AnnotationConfigEmbeddedWebApplicationContext@72035809: startup date [Tue Nov 27 09:54:08 CST 2018]; root of context hierarchy
2018-11-27 09:54:22 -Using default implementation for ThreadExecutor
2018-11-27 09:54:22 -Initialized Scheduler Signaller of type: class org.quartz.core.SchedulerSignalerImpl
2018-11-27 09:54:22 -Quartz Scheduler v.2.2.1 created.
2018-11-27 09:54:22 -RAMJobStore initialized.
2018-11-27 09:54:22 -Scheduler meta-data: Quartz Scheduler (v2.2.1) 'schedulerFactoryBean' with instanceId 'NON_CLUSTERED'
  Scheduler class: 'org.quartz.core.QuartzScheduler' - running locally.
  NOT STARTED.
  Currently in standby mode.
  Number of jobs executed: 0
  Using thread pool 'org.quartz.simpl.SimpleThreadPool' - with 10 threads.
  Using job-store 'org.quartz.simpl.RAMJobStore' - which does not support persistence. and is not clustered.

2018-11-27 09:54:22 -Quartz scheduler 'schedulerFactoryBean' initialized from an externally provided properties instance.
2018-11-27 09:54:22 -Quartz scheduler version: 2.2.1
2018-11-27 09:54:22 -JobFactory set to: com.meiguo.common.quartz.factory.JobFactory@3cc2e3e
2018-11-27 09:54:24 -Mapped "{[/carousel/banner/list],methods=[GET]}" onto public com.meiguo.common.utils.PageUtils com.meiguo.carousel.controller.BannerController.list()
2018-11-27 09:54:24 -Mapped "{[/common/dict/add],methods=[GET]}" onto java.lang.String com.meiguo.common.controller.DictController.add()
2018-11-27 09:54:24 -Mapped "{[/common/dict/remove],methods=[POST]}" onto public com.meiguo.common.utils.R com.meiguo.common.controller.DictController.remove(java.lang.Long)
2018-11-27 09:54:24 -Mapped "{[/common/dict/batchRemove],methods=[POST]}" onto public com.meiguo.common.utils.R com.meiguo.common.controller.DictController.remove(java.lang.Long[])
2018-11-27 09:54:24 -Mapped "{[/common/dict/update]}" onto public com.meiguo.common.utils.R com.meiguo.common.controller.DictController.update(com.meiguo.common.domain.DictDO)
2018-11-27 09:54:24 -Mapped "{[/common/dict/list],methods=[GET]}" onto public com.meiguo.common.utils.PageUtils com.meiguo.common.controller.DictController.list(java.util.Map<java.lang.String, java.lang.Object>)
2018-11-27 09:54:24 -Mapped "{[/common/dict/save],methods=[POST]}" onto public com.meiguo.common.utils.R com.meiguo.common.controller.DictController.save(com.meiguo.common.domain.DictDO)
2018-11-27 09:54:24 -Mapped "{[/common/dict/type],methods=[GET]}" onto public java.util.List<com.meiguo.common.domain.DictDO> com.meiguo.common.controller.DictController.listType()
2018-11-27 09:54:24 -Mapped "{[/common/dict/add/{type}/{description}],methods=[GET]}" onto java.lang.String com.meiguo.common.controller.DictController.addD(org.springframework.ui.Model,java.lang.String,java.lang.String)
2018-11-27 09:54:24 -Mapped "{[/common/dict],methods=[GET]}" onto java.lang.String com.meiguo.common.controller.DictController.dict()
2018-11-27 09:54:24 -Mapped "{[/common/dict/edit/{id}],methods=[GET]}" onto java.lang.String com.meiguo.common.controller.DictController.edit(java.lang.Long,org.springframework.ui.Model)
2018-11-27 09:54:24 -Mapped "{[/common/dict/list/{type}],methods=[GET]}" onto public java.util.List<com.meiguo.common.domain.DictDO> com.meiguo.common.controller.DictController.listByType(java.lang.String)
2018-11-27 09:54:24 -Mapped "{[/common/sysFile/add],methods=[GET]}" onto java.lang.String com.meiguo.common.controller.FileController.add()
2018-11-27 09:54:24 -Mapped "{[/common/sysFile/remove],methods=[POST]}" onto public com.meiguo.common.utils.R com.meiguo.common.controller.FileController.remove(java.lang.Long,javax.servlet.http.HttpServletRequest)
2018-11-27 09:54:24 -Mapped "{[/common/sysFile/batchRemove],methods=[POST]}" onto public com.meiguo.common.utils.R com.meiguo.common.controller.FileController.remove(java.lang.Long[])
2018-11-27 09:54:24 -Mapped "{[/common/sysFile/update]}" onto public com.meiguo.common.utils.R com.meiguo.common.controller.FileController.update(com.meiguo.common.domain.FileDO)
2018-11-27 09:54:24 -Mapped "{[/common/sysFile/list],methods=[GET]}" onto public com.meiguo.common.utils.PageUtils com.meiguo.common.controller.FileController.list(java.util.Map<java.lang.String, java.lang.Object>)
2018-11-27 09:54:24 -Mapped "{[/common/sysFile/save],methods=[POST]}" onto public com.meiguo.common.utils.R com.meiguo.common.controller.FileController.save(com.meiguo.common.domain.FileDO)
2018-11-27 09:54:24 -Mapped "{[/common/sysFile/info/{id}]}" onto public com.meiguo.common.utils.R com.meiguo.common.controller.FileController.info(java.lang.Long)
2018-11-27 09:54:24 -Mapped "{[/common/sysFile],methods=[GET]}" onto java.lang.String com.meiguo.common.controller.FileController.sysFile(org.springframework.ui.Model)
2018-11-27 09:54:24 -Mapped "{[/common/sysFile/upload],methods=[POST]}" onto com.meiguo.common.utils.R com.meiguo.common.controller.FileController.upload(org.springframework.web.multipart.MultipartFile,javax.servlet.http.HttpServletRequest)
2018-11-27 09:54:24 -Mapped "{[/common/sysFile/edit],methods=[GET]}" onto java.lang.String com.meiguo.common.controller.FileController.edit(java.lang.Long,org.springframework.ui.Model)
2018-11-27 09:54:24 -Mapped "{[/common/generator/update],methods=[POST]}" onto com.meiguo.common.utils.R com.meiguo.common.controller.GeneratorController.update(java.util.Map<java.lang.String, java.lang.Object>)
2018-11-27 09:54:24 -Mapped "{[/common/generator/list],methods=[GET]}" onto java.util.List<java.util.Map<java.lang.String, java.lang.Object>> com.meiguo.common.controller.GeneratorController.list()
2018-11-27 09:54:24 -Mapped "{[/common/generator/code/{tableName}]}" onto public void com.meiguo.common.controller.GeneratorController.code(javax.servlet.http.HttpServletRequest,javax.servlet.http.HttpServletResponse,java.lang.String) throws java.io.IOException
2018-11-27 09:54:24 -Mapped "{[/common/generator],methods=[GET]}" onto java.lang.String com.meiguo.common.controller.GeneratorController.generator()
2018-11-27 09:54:24 -Mapped "{[/common/generator/edit],methods=[GET]}" onto public java.lang.String com.meiguo.common.controller.GeneratorController.edit(org.springframework.ui.Model)
2018-11-27 09:54:24 -Mapped "{[/common/generator/batchCode]}" onto public void com.meiguo.common.controller.GeneratorController.batchCode(javax.servlet.http.HttpServletRequest,javax.servlet.http.HttpServletResponse,java.lang.String) throws java.io.IOException
2018-11-27 09:54:24 -Mapped "{[/common/job/add],methods=[GET]}" onto java.lang.String com.meiguo.common.controller.JobController.add()
2018-11-27 09:54:24 -Mapped "{[/common/job/remove],methods=[POST]}" onto public com.meiguo.common.utils.R com.meiguo.common.controller.JobController.remove(java.lang.Long)
2018-11-27 09:54:24 -Mapped "{[/common/job/batchRemove],methods=[POST]}" onto public com.meiguo.common.utils.R com.meiguo.common.controller.JobController.remove(java.lang.Long[])
2018-11-27 09:54:24 -Mapped "{[/common/job/update],methods=[POST]}" onto public com.meiguo.common.utils.R com.meiguo.common.controller.JobController.update(com.meiguo.common.domain.TaskDO)
2018-11-27 09:54:24 -Mapped "{[/common/job/list],methods=[GET]}" onto public com.meiguo.common.utils.PageUtils com.meiguo.common.controller.JobController.list(java.util.Map<java.lang.String, java.lang.Object>)
2018-11-27 09:54:24 -Mapped "{[/common/job/save],methods=[POST]}" onto public com.meiguo.common.utils.R com.meiguo.common.controller.JobController.save(com.meiguo.common.domain.TaskDO)
2018-11-27 09:54:24 -Mapped "{[/common/job/info/{id}]}" onto public com.meiguo.common.utils.R com.meiguo.common.controller.JobController.info(java.lang.Long)
2018-11-27 09:54:24 -Mapped "{[/common/job/edit/{id}],methods=[GET]}" onto java.lang.String com.meiguo.common.controller.JobController.edit(java.lang.Long,org.springframework.ui.Model)
2018-11-27 09:54:24 -Mapped "{[/common/job],methods=[GET]}" onto java.lang.String com.meiguo.common.controller.JobController.taskScheduleJob()
2018-11-27 09:54:24 -Mapped "{[/common/job/changeJobStatus],methods=[POST]}" onto public com.meiguo.common.utils.R com.meiguo.common.controller.JobController.changeJobStatus(java.lang.Long,java.lang.String)
2018-11-27 09:54:24 -Mapped "{[/common/log/remove],methods=[POST]}" onto com.meiguo.common.utils.R com.meiguo.common.controller.LogController.remove(java.lang.Long)
2018-11-27 09:54:24 -Mapped "{[/common/log],methods=[GET]}" onto java.lang.String com.meiguo.common.controller.LogController.log()
2018-11-27 09:54:24 -Mapped "{[/common/log/list],methods=[GET]}" onto com.meiguo.common.domain.PageDO<com.meiguo.common.domain.LogDO> com.meiguo.common.controller.LogController.list(java.util.Map<java.lang.String, java.lang.Object>)
2018-11-27 09:54:24 -Mapped "{[/common/log/batchRemove],methods=[POST]}" onto com.meiguo.common.utils.R com.meiguo.common.controller.LogController.batchRemove(java.lang.Long[])
2018-11-27 09:54:24 -Mapped "{[/error]}" onto public com.meiguo.common.utils.R com.meiguo.common.exception.MainsiteErrorController.handleError(javax.servlet.http.HttpServletRequest,javax.servlet.http.HttpServletResponse)
2018-11-27 09:54:24 -Mapped "{[/error],produces=[text/html]}" onto public org.springframework.web.servlet.ModelAndView com.meiguo.common.exception.MainsiteErrorController.errorHtml(javax.servlet.http.HttpServletRequest,javax.servlet.http.HttpServletResponse)
2018-11-27 09:54:24 -Mapped "{[/information/goods],methods=[GET]}" onto java.lang.String com.meiguo.goods.controller.GoodsController.Goods(org.springframework.ui.Model)
2018-11-27 09:54:24 -Mapped "{[/information/goods/selectGoods],methods=[POST]}" onto public com.meiguo.goods.domain.GoodsDO com.meiguo.goods.controller.GoodsController.selectGoods(java.lang.Long,org.springframework.ui.Model)
2018-11-27 09:54:24 -Mapped "{[/information/goods/getGoodsDetail/{id}],methods=[GET]}" onto public java.lang.String com.meiguo.goods.controller.GoodsController.getGoodsDetail(org.springframework.ui.Model,java.lang.Long)
2018-11-27 09:54:24 -Mapped "{[/information/goods/buy/{id}],methods=[GET]}" onto public java.lang.String com.meiguo.goods.controller.GoodsController.ByGoods(java.lang.Long,org.springframework.ui.Model)
2018-11-27 09:54:24 -Mapped "{[/information/goods/product]}" onto public java.util.List<com.meiguo.goods.domain.ProductDO> com.meiguo.goods.controller.GoodsController.getProductDOByCategoryName(java.lang.String)
2018-11-27 09:54:24 -Mapped "{[/system/orderCommentImage/add],methods=[GET]}" onto java.lang.String com.meiguo.goods.controller.OrderCommentImageController.add()
2018-11-27 09:54:24 -Mapped "{[/system/orderCommentImage/remove],methods=[POST]}" onto public com.meiguo.common.utils.R com.meiguo.goods.controller.OrderCommentImageController.remove(java.lang.Long)
2018-11-27 09:54:24 -Mapped "{[/system/orderCommentImage/batchRemove],methods=[POST]}" onto public com.meiguo.common.utils.R com.meiguo.goods.controller.OrderCommentImageController.remove(java.lang.Long[])
2018-11-27 09:54:24 -Mapped "{[/system/orderCommentImage/update]}" onto public com.meiguo.common.utils.R com.meiguo.goods.controller.OrderCommentImageController.update(com.meiguo.goods.domain.OrderCommentImageDO)
2018-11-27 09:54:24 -Mapped "{[/system/orderCommentImage/list],methods=[GET]}" onto public com.meiguo.common.utils.PageUtils com.meiguo.goods.controller.OrderCommentImageController.list(java.util.Map<java.lang.String, java.lang.Object>)
2018-11-27 09:54:24 -Mapped "{[/system/orderCommentImage/save],methods=[POST]}" onto public com.meiguo.common.utils.R com.meiguo.goods.controller.OrderCommentImageController.save(com.meiguo.goods.domain.OrderCommentImageDO)
2018-11-27 09:54:24 -Mapped "{[/system/orderCommentImage/edit/{id}],methods=[GET]}" onto java.lang.String com.meiguo.goods.controller.OrderCommentImageController.edit(java.lang.Long,org.springframework.ui.Model)
2018-11-27 09:54:24 -Mapped "{[/system/orderCommentImage],methods=[GET]}" onto java.lang.String com.meiguo.goods.controller.OrderCommentImageController.OrderCommentImage()
2018-11-27 09:54:24 -Mapped "{[/system/productComment/add]}" onto java.lang.String com.meiguo.goods.controller.ProductCommentController.add(java.lang.Long,java.lang.Long,java.lang.Long,org.springframework.ui.Model)
2018-11-27 09:54:24 -Mapped "{[/system/productComment/remove],methods=[POST]}" onto public com.meiguo.common.utils.R com.meiguo.goods.controller.ProductCommentController.remove(java.lang.Long)
2018-11-27 09:54:24 -Mapped "{[/system/productComment/batchRemove],methods=[POST]}" onto public com.meiguo.common.utils.R com.meiguo.goods.controller.ProductCommentController.remove(java.lang.Long[])
2018-11-27 09:54:24 -Mapped "{[/system/productComment/update]}" onto public com.meiguo.common.utils.R com.meiguo.goods.controller.ProductCommentController.update(com.meiguo.goods.domain.ProductCommentDO)
2018-11-27 09:54:24 -Mapped "{[/system/productComment/list],methods=[GET]}" onto public com.meiguo.common.utils.PageUtils com.meiguo.goods.controller.ProductCommentController.list(java.util.Map<java.lang.String, java.lang.Object>)
2018-11-27 09:54:24 -Mapped "{[/system/productComment/save],methods=[POST]}" onto public com.meiguo.common.utils.R com.meiguo.goods.controller.ProductCommentController.save(com.meiguo.goods.domain.ProductCommentDO)
2018-11-27 09:54:24 -Mapped "{[/system/productComment/edit/{id}],methods=[GET]}" onto java.lang.String com.meiguo.goods.controller.ProductCommentController.edit(java.lang.Long,org.springframework.ui.Model)
2018-11-27 09:54:24 -Mapped "{[/system/productComment],methods=[GET]}" onto java.lang.String com.meiguo.goods.controller.ProductCommentController.ProductComment()
2018-11-27 09:54:24 -Mapped "{[/information/complaint/save],methods=[POST]}" onto public com.meiguo.common.utils.R com.meiguo.information.controller.ComplaintController.save(com.meiguo.information.domain.ComplaintDO)
2018-11-27 09:54:24 -Mapped "{[/information/complaint/getPlotPhone],methods=[POST]}" onto public com.meiguo.common.utils.R com.meiguo.information.controller.ComplaintController.getPlotPhone(java.lang.Long)
2018-11-27 09:54:24 -Mapped "{[/information/complaint],methods=[GET]}" onto java.lang.String com.meiguo.information.controller.ComplaintController.Complaint(org.springframework.ui.Model)
2018-11-27 09:54:24 -Mapped "{[/information/consult/queryMsgDetails],methods=[GET]}" onto java.lang.String com.meiguo.information.controller.ConsultController.queryMsgDetails(java.lang.Integer,org.springframework.ui.Model)
2018-11-27 09:54:24 -Mapped "{[/information/consult],methods=[GET]}" onto java.lang.String com.meiguo.information.controller.ConsultController.Consult(int,org.springframework.ui.Model)
2018-11-27 09:54:24 -Mapped "{[/information/msg/queryMsgDetails],methods=[GET]}" onto java.lang.String com.meiguo.information.controller.MsgController.queryMsgDetails(java.lang.Long,java.lang.Long,org.springframework.ui.Model)
2018-11-27 09:54:24 -Mapped "{[/information/msg],methods=[GET]}" onto java.lang.String com.meiguo.information.controller.MsgController.Msg(org.springframework.ui.Model)
2018-11-27 09:54:24 -Mapped "{[/information/notice/{id}],methods=[GET]}" onto java.lang.String com.meiguo.information.controller.NoticeController.edit(java.lang.Integer,org.springframework.ui.Model)
2018-11-27 09:54:24 -Mapped "{[/information/address/add],methods=[GET]}" onto java.lang.String com.meiguo.order.control.AddressController.add()
2018-11-27 09:54:24 -Mapped "{[/information/address/remove],methods=[POST]}" onto public com.meiguo.common.utils.R com.meiguo.order.control.AddressController.remove(java.lang.Integer)
2018-11-27 09:54:24 -Mapped "{[/information/address/batchRemove],methods=[POST]}" onto public com.meiguo.common.utils.R com.meiguo.order.control.AddressController.remove(java.lang.Integer[])
2018-11-27 09:54:24 -Mapped "{[/information/address/update]}" onto public com.meiguo.common.utils.R com.meiguo.order.control.AddressController.update(com.meiguo.order.domain.AddressDO)
2018-11-27 09:54:24 -Mapped "{[/information/address/list],methods=[GET]}" onto public java.lang.String com.meiguo.order.control.AddressController.list(org.springframework.ui.Model)
2018-11-27 09:54:24 -Mapped "{[/information/address/save],methods=[POST]}" onto public com.meiguo.common.utils.R com.meiguo.order.control.AddressController.save(com.meiguo.order.domain.AddressDO)
2018-11-27 09:54:24 -Mapped "{[/information/address/edit],methods=[GET]}" onto java.lang.String com.meiguo.order.control.AddressController.edit(java.lang.Integer,org.springframework.ui.Model)
2018-11-27 09:54:24 -Mapped "{[/information/address],methods=[GET]}" onto java.lang.String com.meiguo.order.control.AddressController.Address()
2018-11-27 09:54:24 -Mapped "{[/system/cart/add],methods=[GET]}" onto java.lang.String com.meiguo.order.control.CartController.add()
2018-11-27 09:54:24 -Mapped "{[/system/cart/remove],methods=[POST]}" onto public com.meiguo.common.utils.R com.meiguo.order.control.CartController.remove(java.lang.Long)
2018-11-27 09:54:24 -Mapped "{[/system/cart/batchRemove],methods=[POST]}" onto public com.meiguo.common.utils.R com.meiguo.order.control.CartController.remove(java.lang.Long[])
2018-11-27 09:54:24 -Mapped "{[/system/cart/update]}" onto public com.meiguo.common.utils.R com.meiguo.order.control.CartController.update(com.meiguo.order.domain.CartDO)
2018-11-27 09:54:24 -Mapped "{[/system/cart/list],methods=[GET]}" onto public java.lang.String com.meiguo.order.control.CartController.list(org.springframework.ui.Model)
2018-11-27 09:54:24 -Mapped "{[/system/cart/save],methods=[POST]}" onto public com.meiguo.common.utils.R com.meiguo.order.control.CartController.save(java.lang.Long)
2018-11-27 09:54:24 -Mapped "{[/system/cart/edit/{cartId}],methods=[GET]}" onto java.lang.String com.meiguo.order.control.CartController.edit(java.lang.Long,org.springframework.ui.Model)
2018-11-27 09:54:24 -Mapped "{[/system/cart],methods=[GET]}" onto java.lang.String com.meiguo.order.control.CartController.Cart()
2018-11-27 09:54:24 -Mapped "{[/system/order/add],methods=[GET]}" onto java.lang.String com.meiguo.order.control.OrderController.add()
2018-11-27 09:54:24 -Mapped "{[/system/order/batchRemove],methods=[POST]}" onto public com.meiguo.common.utils.R com.meiguo.order.control.OrderController.remove(java.lang.Long[])
2018-11-27 09:54:24 -Mapped "{[/system/order/remove],methods=[POST]}" onto public com.meiguo.common.utils.R com.meiguo.order.control.OrderController.remove(java.lang.Long)
2018-11-27 09:54:24 -Mapped "{[/system/order/update]}" onto public com.meiguo.common.utils.R com.meiguo.order.control.OrderController.update(com.meiguo.order.domain.OrderDO)
2018-11-27 09:54:24 -Mapped "{[/system/order/list],methods=[GET]}" onto public com.meiguo.common.utils.PageUtils com.meiguo.order.control.OrderController.list(java.util.Map<java.lang.String, java.lang.Object>)
2018-11-27 09:54:24 -Mapped "{[/system/order/save],methods=[POST]}" onto public com.meiguo.common.utils.R com.meiguo.order.control.OrderController.save(com.meiguo.order.domain.OrderDO)
2018-11-27 09:54:24 -Mapped "{[/system/order/edit/{id}],methods=[GET]}" onto java.lang.String com.meiguo.order.control.OrderController.edit(java.lang.Long,org.springframework.ui.Model)
2018-11-27 09:54:24 -Mapped "{[/system/order/bull/{id}/{buyNumber}],methods=[GET]}" onto public java.lang.String com.meiguo.order.control.OrderController.createBull(java.lang.Long,java.lang.Integer,org.springframework.ui.Model)
2018-11-27 09:54:24 -Mapped "{[/system/order/getBullDetail]}" onto public java.lang.String com.meiguo.order.control.OrderController.getBullDetail(java.lang.Long,org.springframework.ui.Model)
2018-11-27 09:54:24 -Mapped "{[/system/order],methods=[GET]}" onto java.lang.String com.meiguo.order.control.OrderController.Order()
2018-11-27 09:54:24 -Mapped "{[/system/order/checkjilu]}" onto public java.util.List<com.meiguo.order.domain.OrderDO> com.meiguo.order.control.OrderController.lookJilu(java.lang.Integer)
2018-11-27 09:54:24 -Mapped "{[/system/order/jilu],methods=[GET]}" onto public java.lang.String com.meiguo.order.control.OrderController.lookJilu(java.lang.Integer,org.springframework.ui.Model)
2018-11-27 09:54:24 -Mapped "{[/system/order/bullcart/{ids}],methods=[GET]}" onto public java.lang.String com.meiguo.order.control.OrderController.createBullfromCart(java.lang.Long[],org.springframework.ui.Model)
2018-11-27 09:54:24 -Mapped "{[/system/orderProduct/add],methods=[GET]}" onto java.lang.String com.meiguo.order.control.OrderProductController.add()
2018-11-27 09:54:24 -Mapped "{[/system/orderProduct/remove],methods=[POST]}" onto public com.meiguo.common.utils.R com.meiguo.order.control.OrderProductController.remove(java.lang.Long)
2018-11-27 09:54:24 -Mapped "{[/system/orderProduct/batchRemove],methods=[POST]}" onto public com.meiguo.common.utils.R com.meiguo.order.control.OrderProductController.remove(java.lang.Long[])
2018-11-27 09:54:24 -Mapped "{[/system/orderProduct/update]}" onto public com.meiguo.common.utils.R com.meiguo.order.control.OrderProductController.update(com.meiguo.order.domain.OrderProductDO)
2018-11-27 09:54:24 -Mapped "{[/system/orderProduct/list],methods=[GET]}" onto public com.meiguo.common.utils.PageUtils com.meiguo.order.control.OrderProductController.list(java.util.Map<java.lang.String, java.lang.Object>)
2018-11-27 09:54:24 -Mapped "{[/system/orderProduct/save],methods=[POST]}" onto public com.meiguo.common.utils.R com.meiguo.order.control.OrderProductController.save(com.meiguo.order.domain.OrderProductDO)
2018-11-27 09:54:24 -Mapped "{[/system/orderProduct/edit/{orderProductId}],methods=[GET]}" onto java.lang.String com.meiguo.order.control.OrderProductController.edit(java.lang.Long,org.springframework.ui.Model)
2018-11-27 09:54:24 -Mapped "{[/system/orderProduct],methods=[GET]}" onto java.lang.String com.meiguo.order.control.OrderProductController.OrderProduct()
2018-11-27 09:54:24 -Mapped "{[/index],methods=[GET]}" onto java.lang.String com.meiguo.owneruser.controller.LoginController.index(org.springframework.ui.Model)
2018-11-27 09:54:24 -Mapped "{[/main],methods=[GET]}" onto java.lang.String com.meiguo.owneruser.controller.LoginController.main()
2018-11-27 09:54:24 -Mapped "{[/login],methods=[GET]}" onto java.lang.String com.meiguo.owneruser.controller.LoginController.login()
2018-11-27 09:54:24 -Mapped "{[],methods=[GET]}" onto java.lang.String com.meiguo.owneruser.controller.LoginController.indexs(org.springframework.ui.Model)
2018-11-27 09:54:24 -Mapped "{[/jieshao],methods=[GET]}" onto java.lang.String com.meiguo.owneruser.controller.LoginController.jieshao(org.springframework.ui.Model)
2018-11-27 09:54:24 -Mapped "{[/login],methods=[POST]}" onto com.meiguo.common.utils.R com.meiguo.owneruser.controller.LoginController.ajaxLogin(java.lang.String,java.lang.String)
2018-11-27 09:54:24 -Mapped "{[/zhuce],methods=[GET]}" onto java.lang.String com.meiguo.owneruser.controller.LoginController.zhuce()
2018-11-27 09:54:24 -Mapped "{[/wangjimima],methods=[GET]}" onto java.lang.String com.meiguo.owneruser.controller.LoginController.wangjimima()
2018-11-27 09:54:24 -Mapped "{[/retpwd],methods=[POST]}" onto com.meiguo.common.utils.R com.meiguo.owneruser.controller.LoginController.retpwd(java.lang.String,java.lang.String,java.lang.String)
2018-11-27 09:54:24 -Mapped "{[/zhucema],methods=[GET]}" onto java.lang.String com.meiguo.owneruser.controller.LoginController.zhucema(org.springframework.ui.Model)
2018-11-27 09:54:24 -Mapped "{[/logout],methods=[GET]}" onto java.lang.String com.meiguo.owneruser.controller.LoginController.logout()
2018-11-27 09:54:24 -Mapped "{[/zhuce],methods=[POST]}" onto com.meiguo.common.utils.R com.meiguo.owneruser.controller.LoginController.ajaxZhuce(java.lang.String,java.lang.String,java.lang.String,java.lang.String,java.lang.String,java.lang.Integer,org.springframework.ui.Model)
2018-11-27 09:54:24 -Mapped "{[/verificationcodeNumber],methods=[POST]}" onto com.meiguo.common.utils.R com.meiguo.owneruser.controller.LoginController.verificationcodeNumber(java.lang.String,java.lang.String)
2018-11-27 09:54:24 -Mapped "{[/owner/update],methods=[POST]}" onto com.meiguo.common.utils.R com.meiguo.owneruser.controller.OwnerUserController.update(com.meiguo.owneruser.domain.OwnerUserDO)
2018-11-27 09:54:24 -Mapped "{[/owner/list],methods=[GET]}" onto com.meiguo.common.utils.PageUtils com.meiguo.owneruser.controller.OwnerUserController.list(java.util.Map<java.lang.String, java.lang.Object>)
2018-11-27 09:54:24 -Mapped "{[/owner/userInfo],methods=[GET]}" onto java.lang.String com.meiguo.owneruser.controller.OwnerUserController.userInfo(org.springframework.ui.Model)
2018-11-27 09:54:24 -Mapped "{[/owner/user],methods=[GET]}" onto java.lang.String com.meiguo.owneruser.controller.OwnerUserController.user(org.springframework.ui.Model)
2018-11-27 09:54:24 -Mapped "{[/owner/show/{id}],methods=[GET]}" onto java.lang.String com.meiguo.owneruser.controller.OwnerUserController.edit(org.springframework.ui.Model,java.lang.Long)
2018-11-27 09:54:24 -Mapped "{[/owner/updateEnable]}" onto public com.meiguo.common.utils.R com.meiguo.owneruser.controller.OwnerUserController.updateEnable(java.lang.Long,java.lang.Integer)
2018-11-27 09:54:24 -Mapped "{[/owner/editInfo],methods=[POST]}" onto com.meiguo.common.utils.R com.meiguo.owneruser.controller.OwnerUserController.editInfo(com.meiguo.owneruser.domain.OwnerUserDO)
2018-11-27 09:54:24 -Mapped "{[/sys/online/list]}" onto public java.util.List<com.meiguo.system.domain.UserOnline> com.meiguo.system.controller.SessionController.list()
2018-11-27 09:54:24 -Mapped "{[/sys/online/sessionList]}" onto public java.util.Collection<org.apache.shiro.session.Session> com.meiguo.system.controller.SessionController.sessionList()
2018-11-27 09:54:24 -Mapped "{[/sys/online],methods=[GET]}" onto public java.lang.String com.meiguo.system.controller.SessionController.online()
2018-11-27 09:54:24 -Mapped "{[/sys/online/forceLogout/{sessionId}]}" onto public com.meiguo.common.utils.R com.meiguo.system.controller.SessionController.forceLogout(java.lang.String,org.springframework.web.servlet.mvc.support.RedirectAttributes)
2018-11-27 09:54:24 -Mapped "{[/v2/api-docs],methods=[GET],produces=[application/json || application/hal+json]}" onto public org.springframework.http.ResponseEntity<springfox.documentation.spring.web.json.Json> springfox.documentation.swagger2.web.Swagger2Controller.getDocumentation(java.lang.String,javax.servlet.http.HttpServletRequest)
2018-11-27 09:54:24 -Mapped "{[/swagger-resources]}" onto org.springframework.http.ResponseEntity<java.util.List<springfox.documentation.swagger.web.SwaggerResource>> springfox.documentation.swagger.web.ApiResourceController.swaggerResources()
2018-11-27 09:54:24 -Mapped "{[/swagger-resources/configuration/ui]}" onto org.springframework.http.ResponseEntity<springfox.documentation.swagger.web.UiConfiguration> springfox.documentation.swagger.web.ApiResourceController.uiConfiguration()
2018-11-27 09:54:24 -Mapped "{[/swagger-resources/configuration/security]}" onto org.springframework.http.ResponseEntity<springfox.documentation.swagger.web.SecurityConfiguration> springfox.documentation.swagger.web.ApiResourceController.securityConfiguration()
2018-11-27 09:54:25 -Mapped "{[/mappings || /mappings.json],methods=[GET],produces=[application/vnd.spring-boot.actuator.v1+json || application/json]}" onto public java.lang.Object org.springframework.boot.actuate.endpoint.mvc.EndpointMvcAdapter.invoke()
2018-11-27 09:54:25 -Mapped "{[/beans || /beans.json],methods=[GET],produces=[application/vnd.spring-boot.actuator.v1+json || application/json]}" onto public java.lang.Object org.springframework.boot.actuate.endpoint.mvc.EndpointMvcAdapter.invoke()
2018-11-27 09:54:25 -Mapped "{[/trace || /trace.json],methods=[GET],produces=[application/vnd.spring-boot.actuator.v1+json || application/json]}" onto public java.lang.Object org.springframework.boot.actuate.endpoint.mvc.EndpointMvcAdapter.invoke()
2018-11-27 09:54:25 -Mapped "{[/autoconfig || /autoconfig.json],methods=[GET],produces=[application/vnd.spring-boot.actuator.v1+json || application/json]}" onto public java.lang.Object org.springframework.boot.actuate.endpoint.mvc.EndpointMvcAdapter.invoke()
2018-11-27 09:54:25 -Mapped "{[/heapdump || /heapdump.json],methods=[GET],produces=[application/octet-stream]}" onto public void org.springframework.boot.actuate.endpoint.mvc.HeapdumpMvcEndpoint.invoke(boolean,javax.servlet.http.HttpServletRequest,javax.servlet.http.HttpServletResponse) throws java.io.IOException,javax.servlet.ServletException
2018-11-27 09:54:25 -Mapped "{[/info || /info.json],methods=[GET],produces=[application/vnd.spring-boot.actuator.v1+json || application/json]}" onto public java.lang.Object org.springframework.boot.actuate.endpoint.mvc.EndpointMvcAdapter.invoke()
2018-11-27 09:54:25 -Mapped "{[/configprops || /configprops.json],methods=[GET],produces=[application/vnd.spring-boot.actuator.v1+json || application/json]}" onto public java.lang.Object org.springframework.boot.actuate.endpoint.mvc.EndpointMvcAdapter.invoke()
2018-11-27 09:54:25 -Mapped "{[/health || /health.json],methods=[GET],produces=[application/vnd.spring-boot.actuator.v1+json || application/json]}" onto public java.lang.Object org.springframework.boot.actuate.endpoint.mvc.HealthMvcEndpoint.invoke(javax.servlet.http.HttpServletRequest,java.security.Principal)
2018-11-27 09:54:25 -Mapped "{[/metrics/{name:.*}],methods=[GET],produces=[application/vnd.spring-boot.actuator.v1+json || application/json]}" onto public java.lang.Object org.springframework.boot.actuate.endpoint.mvc.MetricsMvcEndpoint.value(java.lang.String)
2018-11-27 09:54:25 -Mapped "{[/metrics || /metrics.json],methods=[GET],produces=[application/vnd.spring-boot.actuator.v1+json || application/json]}" onto public java.lang.Object org.springframework.boot.actuate.endpoint.mvc.EndpointMvcAdapter.invoke()
2018-11-27 09:54:25 -Mapped "{[/auditevents || /auditevents.json],methods=[GET],produces=[application/vnd.spring-boot.actuator.v1+json || application/json]}" onto public org.springframework.http.ResponseEntity<?> org.springframework.boot.actuate.endpoint.mvc.AuditEventsMvcEndpoint.findByPrincipalAndAfterAndType(java.lang.String,java.util.Date,java.lang.String)
2018-11-27 09:54:25 -Mapped "{[/loggers/{name:.*}],methods=[GET],produces=[application/vnd.spring-boot.actuator.v1+json || application/json]}" onto public java.lang.Object org.springframework.boot.actuate.endpoint.mvc.LoggersMvcEndpoint.get(java.lang.String)
2018-11-27 09:54:25 -Mapped "{[/loggers/{name:.*}],methods=[POST],consumes=[application/vnd.spring-boot.actuator.v1+json || application/json],produces=[application/vnd.spring-boot.actuator.v1+json || application/json]}" onto public java.lang.Object org.springframework.boot.actuate.endpoint.mvc.LoggersMvcEndpoint.set(java.lang.String,java.util.Map<java.lang.String, java.lang.String>)
2018-11-27 09:54:25 -Mapped "{[/loggers || /loggers.json],methods=[GET],produces=[application/vnd.spring-boot.actuator.v1+json || application/json]}" onto public java.lang.Object org.springframework.boot.actuate.endpoint.mvc.EndpointMvcAdapter.invoke()
2018-11-27 09:54:25 -Mapped "{[/dump || /dump.json],methods=[GET],produces=[application/vnd.spring-boot.actuator.v1+json || application/json]}" onto public java.lang.Object org.springframework.boot.actuate.endpoint.mvc.EndpointMvcAdapter.invoke()
2018-11-27 09:54:25 -Mapped "{[/env/{name:.*}],methods=[GET],produces=[application/vnd.spring-boot.actuator.v1+json || application/json]}" onto public java.lang.Object org.springframework.boot.actuate.endpoint.mvc.EnvironmentMvcEndpoint.value(java.lang.String)
2018-11-27 09:54:25 -Mapped "{[/env || /env.json],methods=[GET],produces=[application/vnd.spring-boot.actuator.v1+json || application/json]}" onto public java.lang.Object org.springframework.boot.actuate.endpoint.mvc.EndpointMvcAdapter.invoke()
2018-11-27 09:54:26 -Looking for @ControllerAdvice: org.springframework.boot.context.embedded.AnnotationConfigEmbeddedWebApplicationContext@72035809: startup date [Tue Nov 27 09:54:08 CST 2018]; root of context hierarchy
2018-11-27 09:54:26 -Mapped URL path [/files/**] onto handler of type [class org.springframework.web.servlet.resource.ResourceHttpRequestHandler]
2018-11-27 09:54:26 -Mapped URL path [/webjars/**] onto handler of type [class org.springframework.web.servlet.resource.ResourceHttpRequestHandler]
2018-11-27 09:54:26 -Mapped URL path [/**] onto handler of type [class org.springframework.web.servlet.resource.ResourceHttpRequestHandler]
2018-11-27 09:54:26 -Detected @ExceptionHandler methods in BDExceptionHandler
2018-11-27 09:54:26 -Mapped URL path [/**/favicon.ico] onto handler of type [class org.springframework.web.servlet.resource.ResourceHttpRequestHandler]
2018-11-27 09:54:27 -ARJUNA032010: JBossTS Recovery Service (tag: unknown) - JBoss Inc.
2018-11-27 09:54:27 -ARJUNA032013: Starting transaction recovery manager
2018-11-27 09:54:27 -

Using default security password: 7866ebe4-342d-4799-95b4-1aa5b268941a

2018-11-27 09:54:27 -Creating filter chain: OrRequestMatcher [requestMatchers=[Ant [pattern='/css/**'], Ant [pattern='/js/**'], Ant [pattern='/images/**'], Ant [pattern='/webjars/**'], Ant [pattern='/**/favicon.ico'], Ant [pattern='/error']]], []
2018-11-27 09:54:27 -Creating filter chain: org.springframework.boot.actuate.autoconfigure.ManagementWebSecurityAutoConfiguration$LazyEndpointPathRequestMatcher@1e487d57, [org.springframework.security.web.context.request.async.WebAsyncManagerIntegrationFilter@4b2af0eb, org.springframework.security.web.context.SecurityContextPersistenceFilter@3314f179, org.springframework.security.web.header.HeaderWriterFilter@89178b4, org.springframework.web.filter.CorsFilter@66c32e15, org.springframework.security.web.authentication.logout.LogoutFilter@2eb73a42, org.springframework.security.web.authentication.www.BasicAuthenticationFilter@54c17a2b, org.springframework.security.web.savedrequest.RequestCacheAwareFilter@53fd59d4, org.springframework.security.web.servletapi.SecurityContextHolderAwareRequestFilter@7fa86ddd, org.springframework.security.web.authentication.AnonymousAuthenticationFilter@6d387e9b, org.springframework.security.web.session.SessionManagementFilter@7d6a9d5e, org.springframework.security.web.access.ExceptionTranslationFilter@129348e8, org.springframework.security.web.access.intercept.FilterSecurityInterceptor@32084a01]
2018-11-27 09:54:27 -Creating filter chain: org.springframework.boot.autoconfigure.security.SpringBootWebSecurityConfiguration$ApplicationNoWebSecurityConfigurerAdapter$1@71e9640, [org.springframework.security.web.context.request.async.WebAsyncManagerIntegrationFilter@1ce45e18, org.springframework.security.web.context.SecurityContextPersistenceFilter@724e0a77, org.springframework.security.web.header.HeaderWriterFilter@49c555c3, org.springframework.security.web.csrf.CsrfFilter@3549c070, org.springframework.security.web.authentication.logout.LogoutFilter@5812935, org.springframework.security.web.savedrequest.RequestCacheAwareFilter@762db992, org.springframework.security.web.servletapi.SecurityContextHolderAwareRequestFilter@15a591d9, org.springframework.security.web.authentication.AnonymousAuthenticationFilter@25762f04, org.springframework.security.web.session.SessionManagementFilter@542aec6, org.springframework.security.web.access.ExceptionTranslationFilter@7307ae6]
2018-11-27 09:54:28 -ARJUNA012332: Failed to establish connection to server
2018-11-27 09:54:28 -Configuring property auth.spring.roles=ACTUATOR from properties
2018-11-27 09:54:28 -Loaded plugin Plugin[type=SSHPlugin,interface=SSHPlugin]
2018-11-27 09:54:28 -Loaded plugin Plugin[type=SSHInlinePlugin,interface=CommandPlugin]
2018-11-27 09:54:28 -Loaded plugin Plugin[type=KeyAuthenticationPlugin,interface=KeyAuthenticationPlugin]
2018-11-27 09:54:28 -Loaded plugin Plugin[type=CronPlugin,interface=CronPlugin]
2018-11-27 09:54:28 -Loaded plugin Plugin[type=MailPlugin,interface=MailPlugin]
2018-11-27 09:54:28 -Loaded plugin Plugin[type=CRaSHShellFactory,interface=ShellFactory]
2018-11-27 09:54:28 -Loaded plugin Plugin[type=GroovyLanguageProxy,interface=Language]
2018-11-27 09:54:28 -Loaded plugin Plugin[type=JavaLanguage,interface=Language]
2018-11-27 09:54:28 -Loaded plugin Plugin[type=ScriptLanguage,interface=Language]
2018-11-27 09:54:28 -Loaded plugin Plugin[type=JaasAuthenticationPlugin,interface=AuthenticationPlugin]
2018-11-27 09:54:28 -Loaded plugin Plugin[type=SimpleAuthenticationPlugin,interface=AuthenticationPlugin]
2018-11-27 09:54:28 -Configuring property ssh.port=2000 from properties
2018-11-27 09:54:28 -Configuring property ssh.auth_timeout=600000 from properties
2018-11-27 09:54:28 -Configuring property ssh.idle_timeout=600000 from properties
2018-11-27 09:54:28 -Configuring property ssh.default_encoding=UTF-8 from properties
2018-11-27 09:54:28 -Configuring property auth=spring from properties
2018-11-27 09:54:28 -Initialized plugin Plugin[type=KeyAuthenticationPlugin,interface=KeyAuthenticationPlugin]
2018-11-27 09:54:28 -Initialized plugin Plugin[type=JaasAuthenticationPlugin,interface=AuthenticationPlugin]
2018-11-27 09:54:28 -Initialized plugin Plugin[type=SimpleAuthenticationPlugin,interface=AuthenticationPlugin]
2018-11-27 09:54:28 -Initialized plugin Plugin[type=AuthenticationManagerAdapter,interface=AuthenticationPlugin]
2018-11-27 09:54:28 -Booting SSHD
2018-11-27 09:54:28 -Initialized plugin Plugin[type=GroovyLanguageProxy,interface=Language]
2018-11-27 09:54:28 -Initialized plugin Plugin[type=JavaLanguage,interface=Language]
2018-11-27 09:54:28 -Initialized plugin Plugin[type=ScriptLanguage,interface=Language]
2018-11-27 09:54:28 -Initialized plugin Plugin[type=CRaSHShellFactory,interface=ShellFactory]
2018-11-27 09:54:28 -Trying to register BouncyCastle as a JCE provider
2018-11-27 09:54:29 -Registration succeeded
2018-11-27 09:54:29 -About to start CRaSSHD
2018-11-27 09:54:29 -CRaSSHD started on port 2000
2018-11-27 09:54:29 -Initialized plugin Plugin[type=SSHPlugin,interface=SSHPlugin]
2018-11-27 09:54:29 -Initialized plugin Plugin[type=SSHInlinePlugin,interface=CommandPlugin]
2018-11-27 09:54:29 -Initialized plugin Plugin[type=CronPlugin,interface=CronPlugin]
2018-11-27 09:54:29 -Initialized plugin Plugin[type=MailPlugin,interface=MailPlugin]
2018-11-27 09:54:30 -spring-boot-starter-remote-shell is deprecated as of Spring Boot 1.5 and will be removed in Spring Boot 2.0
2018-11-27 09:54:30 -Registering beans for JMX exposure on startup
2018-11-27 09:54:30 -Bean with name 'dataSource' has been autodetected for JMX exposure
2018-11-27 09:54:30 -Located MBean 'dataSource': registering with JMX server as MBean [com.alibaba.druid.pool:name=dataSource,type=DruidDataSource]
2018-11-27 09:54:30 -Registering beans for JMX exposure on startup
2018-11-27 09:54:30 -Starting beans in phase 0
2018-11-27 09:54:30 -Located managed bean 'auditEventsEndpoint': registering with JMX server as MBean [org.springframework.boot:type=Endpoint,name=auditEventsEndpoint]
2018-11-27 09:54:30 -Located managed bean 'requestMappingEndpoint': registering with JMX server as MBean [org.springframework.boot:type=Endpoint,name=requestMappingEndpoint]
2018-11-27 09:54:30 -Located managed bean 'environmentEndpoint': registering with JMX server as MBean [org.springframework.boot:type=Endpoint,name=environmentEndpoint]
2018-11-27 09:54:30 -Located managed bean 'healthEndpoint': registering with JMX server as MBean [org.springframework.boot:type=Endpoint,name=healthEndpoint]
2018-11-27 09:54:30 -Located managed bean 'beansEndpoint': registering with JMX server as MBean [org.springframework.boot:type=Endpoint,name=beansEndpoint]
2018-11-27 09:54:30 -Located managed bean 'infoEndpoint': registering with JMX server as MBean [org.springframework.boot:type=Endpoint,name=infoEndpoint]
2018-11-27 09:54:30 -Located managed bean 'loggersEndpoint': registering with JMX server as MBean [org.springframework.boot:type=Endpoint,name=loggersEndpoint]
2018-11-27 09:54:30 -Located managed bean 'metricsEndpoint': registering with JMX server as MBean [org.springframework.boot:type=Endpoint,name=metricsEndpoint]
2018-11-27 09:54:30 -Located managed bean 'traceEndpoint': registering with JMX server as MBean [org.springframework.boot:type=Endpoint,name=traceEndpoint]
2018-11-27 09:54:30 -Located managed bean 'dumpEndpoint': registering with JMX server as MBean [org.springframework.boot:type=Endpoint,name=dumpEndpoint]
2018-11-27 09:54:30 -Located managed bean 'autoConfigurationReportEndpoint': registering with JMX server as MBean [org.springframework.boot:type=Endpoint,name=autoConfigurationReportEndpoint]
2018-11-27 09:54:30 -Located managed bean 'configurationPropertiesReportEndpoint': registering with JMX server as MBean [org.springframework.boot:type=Endpoint,name=configurationPropertiesReportEndpoint]
2018-11-27 09:54:30 -Starting beans in phase 2147483647
2018-11-27 09:54:30 -Context refreshed
2018-11-27 09:54:30 -Found 1 custom documentation plugin(s)
2018-11-27 09:54:30 -Scanning for api listing references
2018-11-27 09:54:30 -Generating unique operation named: removeUsingPOST_1
2018-11-27 09:54:30 -Generating unique operation named: findByPrincipalAndAfterAndTypeUsingGET_1
2018-11-27 09:54:30 -Generating unique operation named: listUsingGET_1
2018-11-27 09:54:30 -Generating unique operation named: addUsingGET_1
2018-11-27 09:54:30 -Generating unique operation named: editUsingGET_1
2018-11-27 09:54:30 -Generating unique operation named: listUsingGET_2
2018-11-27 09:54:30 -Generating unique operation named: removeUsingPOST_2
2018-11-27 09:54:30 -Generating unique operation named: removeUsingPOST_3
2018-11-27 09:54:30 -Generating unique operation named: saveUsingPOST_1
2018-11-27 09:54:30 -Generating unique operation named: updateUsingGET_1
2018-11-27 09:54:30 -Generating unique operation named: updateUsingHEAD_1
2018-11-27 09:54:30 -Generating unique operation named: updateUsingPOST_1
2018-11-27 09:54:30 -Generating unique operation named: updateUsingPUT_1
2018-11-27 09:54:30 -Generating unique operation named: updateUsingPATCH_1
2018-11-27 09:54:30 -Generating unique operation named: updateUsingDELETE_1
2018-11-27 09:54:30 -Generating unique operation named: updateUsingOPTIONS_1
2018-11-27 09:54:30 -Generating unique operation named: updateUsingTRACE_1
2018-11-27 09:54:30 -Generating unique operation named: saveUsingPOST_2
2018-11-27 09:54:30 -Generating unique operation named: addUsingGET_2
2018-11-27 09:54:30 -Generating unique operation named: editUsingGET_2
2018-11-27 09:54:30 -Generating unique operation named: listUsingGET_3
2018-11-27 09:54:30 -Generating unique operation named: removeUsingPOST_4
2018-11-27 09:54:31 -Generating unique operation named: removeUsingPOST_5
2018-11-27 09:54:31 -Generating unique operation named: saveUsingPOST_3
2018-11-27 09:54:31 -Generating unique operation named: updateUsingGET_2
2018-11-27 09:54:31 -Generating unique operation named: updateUsingHEAD_2
2018-11-27 09:54:31 -Generating unique operation named: updateUsingPOST_2
2018-11-27 09:54:31 -Generating unique operation named: updateUsingPUT_2
2018-11-27 09:54:31 -Generating unique operation named: updateUsingPATCH_2
2018-11-27 09:54:31 -Generating unique operation named: updateUsingDELETE_2
2018-11-27 09:54:31 -Generating unique operation named: updateUsingOPTIONS_2
2018-11-27 09:54:31 -Generating unique operation named: updateUsingTRACE_2
2018-11-27 09:54:31 -Generating unique operation named: invokeUsingGET_1
2018-11-27 09:54:31 -Generating unique operation named: invokeUsingGET_2
2018-11-27 09:54:31 -Generating unique operation named: invokeUsingGET_3
2018-11-27 09:54:31 -Generating unique operation named: invokeUsingGET_4
2018-11-27 09:54:31 -Generating unique operation named: invokeUsingGET_5
2018-11-27 09:54:31 -Generating unique operation named: invokeUsingGET_6
2018-11-27 09:54:31 -Generating unique operation named: invokeUsingGET_7
2018-11-27 09:54:31 -Generating unique operation named: invokeUsingGET_8
2018-11-27 09:54:31 -Generating unique operation named: invokeUsingGET_9
2018-11-27 09:54:31 -Generating unique operation named: invokeUsingGET_10
2018-11-27 09:54:31 -Generating unique operation named: invokeUsingGET_11
2018-11-27 09:54:31 -Generating unique operation named: invokeUsingGET_12
2018-11-27 09:54:31 -Generating unique operation named: invokeUsingGET_13
2018-11-27 09:54:31 -Generating unique operation named: invokeUsingGET_14
2018-11-27 09:54:31 -Generating unique operation named: invokeUsingGET_15
2018-11-27 09:54:31 -Generating unique operation named: addUsingGET_3
2018-11-27 09:54:31 -Generating unique operation named: editUsingGET_3
2018-11-27 09:54:31 -Generating unique operation named: listUsingGET_4
2018-11-27 09:54:31 -Generating unique operation named: removeUsingPOST_6
2018-11-27 09:54:31 -Generating unique operation named: removeUsingPOST_7
2018-11-27 09:54:31 -Generating unique operation named: saveUsingPOST_4
2018-11-27 09:54:31 -Generating unique operation named: updateUsingGET_3
2018-11-27 09:54:31 -Generating unique operation named: updateUsingHEAD_3
2018-11-27 09:54:31 -Generating unique operation named: updateUsingPOST_3
2018-11-27 09:54:31 -Generating unique operation named: updateUsingPUT_3
2018-11-27 09:54:31 -Generating unique operation named: updateUsingPATCH_3
2018-11-27 09:54:31 -Generating unique operation named: updateUsingDELETE_3
2018-11-27 09:54:31 -Generating unique operation named: updateUsingOPTIONS_3
2018-11-27 09:54:31 -Generating unique operation named: updateUsingTRACE_3
2018-11-27 09:54:31 -Generating unique operation named: editUsingGET_4
2018-11-27 09:54:31 -Generating unique operation named: listUsingGET_5
2018-11-27 09:54:31 -Generating unique operation named: updateUsingPOST_4
2018-11-27 09:54:31 -Generating unique operation named: invokeUsingGET_16
2018-11-27 09:54:31 -Generating unique operation named: invokeUsingGET_17
2018-11-27 09:54:31 -Generating unique operation named: invokeUsingGET_18
2018-11-27 09:54:31 -Generating unique operation named: invokeUsingGET_19
2018-11-27 09:54:31 -Generating unique operation named: addUsingGET_4
2018-11-27 09:54:31 -Generating unique operation named: editUsingGET_5
2018-11-27 09:54:31 -Generating unique operation named: infoUsingGET_1
2018-11-27 09:54:31 -Generating unique operation named: infoUsingHEAD_1
2018-11-27 09:54:31 -Generating unique operation named: infoUsingPOST_1
2018-11-27 09:54:31 -Generating unique operation named: infoUsingPUT_1
2018-11-27 09:54:31 -Generating unique operation named: infoUsingPATCH_1
2018-11-27 09:54:31 -Generating unique operation named: infoUsingDELETE_1
2018-11-27 09:54:31 -Generating unique operation named: infoUsingOPTIONS_1
2018-11-27 09:54:31 -Generating unique operation named: infoUsingTRACE_1
2018-11-27 09:54:31 -Generating unique operation named: listUsingGET_6
2018-11-27 09:54:31 -Generating unique operation named: removeUsingPOST_8
2018-11-27 09:54:31 -Generating unique operation named: removeUsingPOST_9
2018-11-27 09:54:31 -Generating unique operation named: saveUsingPOST_5
2018-11-27 09:54:31 -Generating unique operation named: updateUsingPOST_5
2018-11-27 09:54:31 -Generating unique operation named: listUsingGET_7
2018-11-27 09:54:31 -Generating unique operation named: removeUsingPOST_10
2018-11-27 09:54:31 -Generating unique operation named: invokeUsingGET_20
2018-11-27 09:54:31 -Generating unique operation named: invokeUsingGET_21
2018-11-27 09:54:31 -Generating unique operation named: invokeUsingGET_22
2018-11-27 09:54:31 -Generating unique operation named: invokeUsingGET_23
2018-11-27 09:54:31 -Generating unique operation named: valueUsingGET_1
2018-11-27 09:54:31 -Generating unique operation named: queryMsgDetailsUsingGET_1
2018-11-27 09:54:31 -Generating unique operation named: editUsingGET_6
2018-11-27 09:54:31 -Generating unique operation named: addUsingGET_5
2018-11-27 09:54:31 -Generating unique operation named: editUsingGET_7
2018-11-27 09:54:31 -Generating unique operation named: listUsingGET_8
2018-11-27 09:54:31 -Generating unique operation named: removeUsingPOST_11
2018-11-27 09:54:31 -Generating unique operation named: removeUsingPOST_12
2018-11-27 09:54:31 -Generating unique operation named: saveUsingPOST_6
2018-11-27 09:54:31 -Generating unique operation named: updateUsingGET_4
2018-11-27 09:54:31 -Generating unique operation named: updateUsingHEAD_4
2018-11-27 09:54:31 -Generating unique operation named: updateUsingPOST_6
2018-11-27 09:54:31 -Generating unique operation named: updateUsingPUT_4
2018-11-27 09:54:31 -Generating unique operation named: updateUsingPATCH_4
2018-11-27 09:54:31 -Generating unique operation named: updateUsingDELETE_4
2018-11-27 09:54:31 -Generating unique operation named: updateUsingOPTIONS_4
2018-11-27 09:54:31 -Generating unique operation named: updateUsingTRACE_4
2018-11-27 09:54:31 -Generating unique operation named: addUsingGET_6
2018-11-27 09:54:31 -Generating unique operation named: editUsingGET_8
2018-11-27 09:54:31 -Generating unique operation named: listUsingGET_9
2018-11-27 09:54:31 -Generating unique operation named: lookJiluUsingGET_1
2018-11-27 09:54:31 -Generating unique operation named: removeUsingPOST_13
2018-11-27 09:54:31 -Generating unique operation named: removeUsingPOST_14
2018-11-27 09:54:32 -Generating unique operation named: saveUsingPOST_7
2018-11-27 09:54:32 -Generating unique operation named: updateUsingGET_5
2018-11-27 09:54:32 -Generating unique operation named: updateUsingHEAD_5
2018-11-27 09:54:32 -Generating unique operation named: updateUsingPOST_7
2018-11-27 09:54:32 -Generating unique operation named: updateUsingPUT_5
2018-11-27 09:54:32 -Generating unique operation named: updateUsingPATCH_5
2018-11-27 09:54:32 -Generating unique operation named: updateUsingDELETE_5
2018-11-27 09:54:32 -Generating unique operation named: updateUsingOPTIONS_5
2018-11-27 09:54:32 -Generating unique operation named: updateUsingTRACE_5
2018-11-27 09:54:32 -Generating unique operation named: addUsingGET_7
2018-11-27 09:54:32 -Generating unique operation named: editUsingGET_9
2018-11-27 09:54:32 -Generating unique operation named: listUsingGET_10
2018-11-27 09:54:32 -Generating unique operation named: removeUsingPOST_15
2018-11-27 09:54:32 -Generating unique operation named: removeUsingPOST_16
2018-11-27 09:54:32 -Generating unique operation named: saveUsingPOST_8
2018-11-27 09:54:32 -Generating unique operation named: updateUsingGET_6
2018-11-27 09:54:32 -Generating unique operation named: updateUsingHEAD_6
2018-11-27 09:54:32 -Generating unique operation named: updateUsingPOST_8
2018-11-27 09:54:32 -Generating unique operation named: updateUsingPUT_6
2018-11-27 09:54:32 -Generating unique operation named: updateUsingPATCH_6
2018-11-27 09:54:32 -Generating unique operation named: updateUsingDELETE_6
2018-11-27 09:54:32 -Generating unique operation named: updateUsingOPTIONS_6
2018-11-27 09:54:32 -Generating unique operation named: updateUsingTRACE_6
2018-11-27 09:54:32 -Generating unique operation named: editUsingGET_10
2018-11-27 09:54:32 -Generating unique operation named: listUsingGET_11
2018-11-27 09:54:32 -Generating unique operation named: updateUsingPOST_9
2018-11-27 09:54:32 -Generating unique operation named: addUsingGET_8
2018-11-27 09:54:32 -Generating unique operation named: editUsingGET_11
2018-11-27 09:54:32 -Generating unique operation named: listUsingGET_12
2018-11-27 09:54:32 -Generating unique operation named: removeUsingPOST_17
2018-11-27 09:54:32 -Generating unique operation named: removeUsingPOST_18
2018-11-27 09:54:32 -Generating unique operation named: saveUsingPOST_9
2018-11-27 09:54:32 -Generating unique operation named: updateUsingGET_7
2018-11-27 09:54:32 -Generating unique operation named: updateUsingHEAD_7
2018-11-27 09:54:32 -Generating unique operation named: updateUsingPOST_10
2018-11-27 09:54:32 -Generating unique operation named: updateUsingPUT_7
2018-11-27 09:54:32 -Generating unique operation named: updateUsingPATCH_7
2018-11-27 09:54:32 -Generating unique operation named: updateUsingDELETE_7
2018-11-27 09:54:32 -Generating unique operation named: updateUsingOPTIONS_7
2018-11-27 09:54:32 -Generating unique operation named: updateUsingTRACE_7
2018-11-27 09:54:32 -Generating unique operation named: listUsingGET_13
2018-11-27 09:54:32 -Starting Quartz Scheduler now
2018-11-27 09:54:32 -Scheduler schedulerFactoryBean_$_NON_CLUSTERED started.
2018-11-27 09:54:32 -Initializing ProtocolHandler ["http-nio-8087"]
2018-11-27 09:54:32 -Starting ProtocolHandler ["http-nio-8087"]
2018-11-27 09:54:32 -Using a shared selector for servlet write/read
2018-11-27 09:54:32 -Tomcat started on port(s): 8087 (http)
2018-11-27 09:54:32 -==>  Preparing: select `id`,`cron_expression`,`method_name`,`is_concurrent`,`description`,`update_by`,`bean_class`,`create_date`,`job_status`,`job_group`,`update_date`,`create_by`,`spring_bean`,`job_name` from sys_task order by id desc 
2018-11-27 09:54:33 -==> Parameters: 
2018-11-27 09:54:33 -<==      Total: 1
2018-11-27 09:54:33 -Started BootdoApplication in 26.303 seconds (JVM running for 27.214)
